2020-04-10 02:14:41,368 	 [INFO | main.py:10] > Starting program...
2020-04-10 02:14:41,368 	 [INFO | main.py:28] > Settings: ; Seed:11457; Nodes:5; Urban:False; Optimized:False; SimTime:10; Configs:node_config.json & coord_config.json; Loading:False; LoadFile:topologie.json; SaveFile:topologie.json
2020-04-10 02:14:41,368 	 [INFO | main.py:39] > Generating new topologie
2020-04-10 02:14:41,384 	 [INFO | base_setup.py:26] > Starting simulation...
2020-04-10 02:14:41,663 	 [INFO | base_setup.py:44] > Joined: 33.33333333333333 at 60
2020-04-10 02:14:41,939 	 [INFO | base_setup.py:44] > Joined: 33.33333333333333 at 120
2020-04-10 02:14:42,227 	 [INFO | base_setup.py:44] > Joined: 50.0 at 180
2020-04-10 02:14:42,507 	 [INFO | base_setup.py:44] > Joined: 66.66666666666666 at 240
2020-04-10 02:14:42,793 	 [INFO | base_setup.py:44] > Joined: 83.33333333333334 at 300
2020-04-10 02:14:43,064 	 [INFO | base_setup.py:44] > Joined: 83.33333333333334 at 360
2020-04-10 02:14:43,336 	 [INFO | base_setup.py:44] > Joined: 83.33333333333334 at 420
2020-04-10 02:14:43,616 	 [INFO | base_setup.py:44] > Joined: 83.33333333333334 at 480
2020-04-10 02:14:43,888 	 [INFO | base_setup.py:44] > Joined: 83.33333333333334 at 540
2020-04-10 02:14:44,165 	 [INFO | base_setup.py:44] > Joined: 100.0 at 600
2020-04-10 02:14:44,166 	 [INFO | base_setup.py:53] > 100.0 %% joined after 600 seconds
2020-04-10 02:15:05,631 	 [INFO | main.py:10] > Starting program...
2020-04-10 02:15:05,631 	 [INFO | main.py:28] > Settings: ; Seed:11457; Nodes:50; Urban:False; Optimized:False; SimTime:10; Configs:node_config.json & coord_config.json; Loading:False; LoadFile:topologie.json; SaveFile:topologie.json
2020-04-10 02:15:05,631 	 [INFO | main.py:39] > Generating new topologie
2020-04-10 02:15:05,663 	 [INFO | base_setup.py:26] > Starting simulation...
2020-04-10 02:15:08,935 	 [INFO | base_setup.py:44] > Joined: 1.9607843137254901 at 60
2020-04-10 02:15:12,259 	 [INFO | base_setup.py:44] > Joined: 1.9607843137254901 at 120
2020-04-10 02:15:15,632 	 [INFO | base_setup.py:44] > Joined: 1.9607843137254901 at 180
2020-04-10 02:15:18,932 	 [INFO | base_setup.py:44] > Joined: 1.9607843137254901 at 240
2020-04-10 02:15:22,236 	 [INFO | base_setup.py:44] > Joined: 1.9607843137254901 at 300
2020-04-10 02:15:25,514 	 [INFO | base_setup.py:44] > Joined: 1.9607843137254901 at 360
2020-04-10 02:15:28,688 	 [INFO | base_setup.py:44] > Joined: 1.9607843137254901 at 420
2020-04-10 02:15:31,864 	 [INFO | base_setup.py:44] > Joined: 1.9607843137254901 at 480
2020-04-10 02:15:34,992 	 [INFO | base_setup.py:44] > Joined: 1.9607843137254901 at 540
2020-04-10 02:15:38,113 	 [INFO | base_setup.py:44] > Joined: 1.9607843137254901 at 600
2020-04-10 02:15:41,204 	 [INFO | base_setup.py:44] > Joined: 1.9607843137254901 at 660
2020-04-10 02:15:44,312 	 [INFO | base_setup.py:44] > Joined: 1.9607843137254901 at 720
2020-04-10 02:15:47,412 	 [INFO | base_setup.py:44] > Joined: 1.9607843137254901 at 780
2020-04-10 02:15:50,518 	 [INFO | base_setup.py:44] > Joined: 1.9607843137254901 at 840
2020-04-10 02:15:53,630 	 [INFO | base_setup.py:44] > Joined: 1.9607843137254901 at 900
2020-04-10 02:15:56,712 	 [INFO | base_setup.py:44] > Joined: 1.9607843137254901 at 960
2020-04-10 02:15:59,794 	 [INFO | base_setup.py:44] > Joined: 1.9607843137254901 at 1020
2020-04-10 02:16:02,894 	 [INFO | base_setup.py:44] > Joined: 1.9607843137254901 at 1080
2020-04-10 02:16:05,976 	 [INFO | base_setup.py:44] > Joined: 1.9607843137254901 at 1140
2020-04-10 02:16:09,048 	 [INFO | base_setup.py:44] > Joined: 1.9607843137254901 at 1200
2020-04-10 02:16:12,125 	 [INFO | base_setup.py:44] > Joined: 1.9607843137254901 at 1260
2020-04-10 02:16:15,222 	 [INFO | base_setup.py:44] > Joined: 1.9607843137254901 at 1320
2020-04-10 02:16:18,316 	 [INFO | base_setup.py:44] > Joined: 1.9607843137254901 at 1380
2020-04-10 02:16:21,402 	 [INFO | base_setup.py:44] > Joined: 1.9607843137254901 at 1440
2020-04-10 02:16:24,511 	 [INFO | base_setup.py:44] > Joined: 1.9607843137254901 at 1500
2020-04-10 02:16:27,605 	 [INFO | base_setup.py:44] > Joined: 1.9607843137254901 at 1560
2020-04-10 02:16:30,714 	 [INFO | base_setup.py:44] > Joined: 1.9607843137254901 at 1620
2020-04-10 02:16:33,804 	 [INFO | base_setup.py:44] > Joined: 1.9607843137254901 at 1680
2020-04-10 02:16:36,892 	 [INFO | base_setup.py:44] > Joined: 1.9607843137254901 at 1740
2020-04-10 02:16:39,991 	 [INFO | base_setup.py:44] > Joined: 1.9607843137254901 at 1800
2020-04-10 02:16:43,072 	 [INFO | base_setup.py:44] > Joined: 1.9607843137254901 at 1860
2020-04-10 02:16:46,188 	 [INFO | base_setup.py:44] > Joined: 1.9607843137254901 at 1920
2020-04-10 02:16:49,288 	 [INFO | base_setup.py:44] > Joined: 1.9607843137254901 at 1980
2020-04-10 02:16:52,371 	 [INFO | base_setup.py:44] > Joined: 1.9607843137254901 at 2040
2020-04-10 02:16:55,468 	 [INFO | base_setup.py:44] > Joined: 1.9607843137254901 at 2100
2020-04-10 02:16:58,575 	 [INFO | base_setup.py:44] > Joined: 1.9607843137254901 at 2160
2020-04-10 02:17:01,654 	 [INFO | base_setup.py:44] > Joined: 1.9607843137254901 at 2220
2020-04-10 02:17:04,762 	 [INFO | base_setup.py:44] > Joined: 1.9607843137254901 at 2280
2020-04-10 02:17:07,848 	 [INFO | base_setup.py:44] > Joined: 1.9607843137254901 at 2340
2020-04-10 02:17:10,984 	 [INFO | base_setup.py:44] > Joined: 1.9607843137254901 at 2400
2020-04-10 02:17:14,108 	 [INFO | base_setup.py:44] > Joined: 1.9607843137254901 at 2460
2020-04-10 02:17:17,195 	 [INFO | base_setup.py:44] > Joined: 1.9607843137254901 at 2520
2020-04-10 02:17:20,296 	 [INFO | base_setup.py:44] > Joined: 1.9607843137254901 at 2580
2020-04-10 02:17:23,361 	 [INFO | base_setup.py:44] > Joined: 1.9607843137254901 at 2640
2020-04-10 02:17:26,460 	 [INFO | base_setup.py:44] > Joined: 1.9607843137254901 at 2700
2020-04-10 02:17:29,538 	 [INFO | base_setup.py:44] > Joined: 1.9607843137254901 at 2760
2020-04-10 02:17:32,644 	 [INFO | base_setup.py:44] > Joined: 1.9607843137254901 at 2820
2020-04-10 02:17:35,757 	 [INFO | base_setup.py:44] > Joined: 1.9607843137254901 at 2880
2020-04-10 02:17:38,833 	 [INFO | base_setup.py:44] > Joined: 1.9607843137254901 at 2940
2020-04-10 02:17:41,936 	 [INFO | base_setup.py:44] > Joined: 1.9607843137254901 at 3000
2020-04-10 02:17:45,048 	 [INFO | base_setup.py:44] > Joined: 1.9607843137254901 at 3060
2020-04-10 02:17:48,146 	 [INFO | base_setup.py:44] > Joined: 1.9607843137254901 at 3120
2020-04-10 02:17:51,220 	 [INFO | base_setup.py:44] > Joined: 1.9607843137254901 at 3180
2020-04-10 02:17:54,367 	 [INFO | base_setup.py:44] > Joined: 1.9607843137254901 at 3240
2020-04-10 02:17:57,457 	 [INFO | base_setup.py:44] > Joined: 1.9607843137254901 at 3300
2020-04-10 02:18:00,571 	 [INFO | base_setup.py:44] > Joined: 1.9607843137254901 at 3360
2020-04-10 02:18:03,674 	 [INFO | base_setup.py:44] > Joined: 1.9607843137254901 at 3420
2020-04-10 02:18:06,778 	 [INFO | base_setup.py:44] > Joined: 1.9607843137254901 at 3480
2020-04-10 02:18:09,872 	 [INFO | base_setup.py:44] > Joined: 1.9607843137254901 at 3540
2020-04-10 02:18:12,984 	 [INFO | base_setup.py:44] > Joined: 1.9607843137254901 at 3600
2020-04-10 02:18:16,089 	 [INFO | base_setup.py:44] > Joined: 1.9607843137254901 at 3660
2020-04-10 02:18:19,216 	 [INFO | base_setup.py:44] > Joined: 1.9607843137254901 at 3720
2020-04-10 02:18:22,316 	 [INFO | base_setup.py:44] > Joined: 1.9607843137254901 at 3780
2020-04-10 02:18:25,429 	 [INFO | base_setup.py:44] > Joined: 1.9607843137254901 at 3840
2020-04-10 02:18:28,528 	 [INFO | base_setup.py:44] > Joined: 1.9607843137254901 at 3900
2020-04-10 02:18:31,630 	 [INFO | base_setup.py:44] > Joined: 1.9607843137254901 at 3960
2020-04-10 02:18:34,715 	 [INFO | base_setup.py:44] > Joined: 1.9607843137254901 at 4020
2020-04-10 02:18:37,797 	 [INFO | base_setup.py:44] > Joined: 1.9607843137254901 at 4080
2020-04-10 02:18:40,925 	 [INFO | base_setup.py:44] > Joined: 1.9607843137254901 at 4140
2020-04-10 02:18:44,039 	 [INFO | base_setup.py:44] > Joined: 1.9607843137254901 at 4200
2020-04-10 02:18:47,136 	 [INFO | base_setup.py:44] > Joined: 1.9607843137254901 at 4260
2020-04-10 02:18:50,230 	 [INFO | base_setup.py:44] > Joined: 1.9607843137254901 at 4320
2020-04-10 02:18:53,353 	 [INFO | base_setup.py:44] > Joined: 1.9607843137254901 at 4380
2020-04-10 02:18:56,428 	 [INFO | base_setup.py:44] > Joined: 1.9607843137254901 at 4440
2020-04-10 02:18:59,516 	 [INFO | base_setup.py:44] > Joined: 1.9607843137254901 at 4500
2020-04-10 02:19:02,640 	 [INFO | base_setup.py:44] > Joined: 1.9607843137254901 at 4560
2020-04-10 02:19:05,725 	 [INFO | base_setup.py:44] > Joined: 1.9607843137254901 at 4620
2020-04-10 02:19:08,816 	 [INFO | base_setup.py:44] > Joined: 1.9607843137254901 at 4680
2020-04-10 02:19:11,904 	 [INFO | base_setup.py:44] > Joined: 1.9607843137254901 at 4740
2020-04-10 02:19:14,992 	 [INFO | base_setup.py:44] > Joined: 1.9607843137254901 at 4800
2020-04-10 02:19:18,078 	 [INFO | base_setup.py:44] > Joined: 1.9607843137254901 at 4860
2020-04-10 02:19:21,178 	 [INFO | base_setup.py:44] > Joined: 1.9607843137254901 at 4920
2020-04-10 02:19:24,272 	 [INFO | base_setup.py:44] > Joined: 1.9607843137254901 at 4980
2020-04-10 02:19:27,364 	 [INFO | base_setup.py:44] > Joined: 1.9607843137254901 at 5040
2020-04-10 02:19:30,449 	 [INFO | base_setup.py:44] > Joined: 1.9607843137254901 at 5100
2020-04-10 02:19:33,540 	 [INFO | base_setup.py:44] > Joined: 1.9607843137254901 at 5160
2020-04-10 02:19:36,662 	 [INFO | base_setup.py:44] > Joined: 1.9607843137254901 at 5220
2020-04-10 02:19:39,765 	 [INFO | base_setup.py:44] > Joined: 1.9607843137254901 at 5280
2020-04-10 02:19:42,855 	 [INFO | base_setup.py:44] > Joined: 1.9607843137254901 at 5340
2020-04-10 02:19:45,960 	 [INFO | base_setup.py:44] > Joined: 1.9607843137254901 at 5400
2020-04-10 02:19:49,052 	 [INFO | base_setup.py:44] > Joined: 1.9607843137254901 at 5460
2020-04-10 02:19:52,182 	 [INFO | base_setup.py:44] > Joined: 1.9607843137254901 at 5520
2020-04-10 02:19:55,293 	 [INFO | base_setup.py:44] > Joined: 1.9607843137254901 at 5580
2020-04-10 02:19:58,384 	 [INFO | base_setup.py:44] > Joined: 1.9607843137254901 at 5640
2020-04-10 02:20:01,494 	 [INFO | base_setup.py:44] > Joined: 1.9607843137254901 at 5700
2020-04-10 02:20:04,578 	 [INFO | base_setup.py:44] > Joined: 1.9607843137254901 at 5760
2020-04-10 02:20:07,672 	 [INFO | base_setup.py:44] > Joined: 1.9607843137254901 at 5820
2020-04-10 02:20:10,769 	 [INFO | base_setup.py:44] > Joined: 1.9607843137254901 at 5880
2020-04-10 02:20:13,937 	 [INFO | base_setup.py:44] > Joined: 1.9607843137254901 at 5940
2020-04-10 02:20:17,024 	 [INFO | base_setup.py:44] > Joined: 1.9607843137254901 at 6000
2020-04-10 02:20:20,115 	 [INFO | base_setup.py:44] > Joined: 1.9607843137254901 at 6060
2020-04-10 02:20:23,208 	 [INFO | base_setup.py:44] > Joined: 1.9607843137254901 at 6120
2020-04-10 02:20:26,295 	 [INFO | base_setup.py:44] > Joined: 1.9607843137254901 at 6180
2020-04-10 02:20:29,398 	 [INFO | base_setup.py:44] > Joined: 1.9607843137254901 at 6240
2020-04-10 02:20:32,505 	 [INFO | base_setup.py:44] > Joined: 1.9607843137254901 at 6300
2020-04-10 02:20:35,608 	 [INFO | base_setup.py:44] > Joined: 1.9607843137254901 at 6360
2020-04-10 02:20:38,707 	 [INFO | base_setup.py:44] > Joined: 1.9607843137254901 at 6420
2020-04-10 02:20:41,800 	 [INFO | base_setup.py:44] > Joined: 1.9607843137254901 at 6480
2020-04-10 02:20:44,887 	 [INFO | base_setup.py:44] > Joined: 1.9607843137254901 at 6540
2020-04-10 02:20:47,986 	 [INFO | base_setup.py:44] > Joined: 1.9607843137254901 at 6600
2020-04-10 02:20:51,072 	 [INFO | base_setup.py:44] > Joined: 1.9607843137254901 at 6660
2020-04-10 02:20:54,199 	 [INFO | base_setup.py:44] > Joined: 1.9607843137254901 at 6720
2020-04-10 02:20:57,337 	 [INFO | base_setup.py:44] > Joined: 1.9607843137254901 at 6780
2020-04-10 02:21:00,430 	 [INFO | base_setup.py:44] > Joined: 1.9607843137254901 at 6840
2020-04-10 02:21:03,515 	 [INFO | base_setup.py:44] > Joined: 1.9607843137254901 at 6900
2020-04-10 02:21:06,626 	 [INFO | base_setup.py:44] > Joined: 1.9607843137254901 at 6960
2020-04-10 02:21:09,709 	 [INFO | base_setup.py:44] > Joined: 1.9607843137254901 at 7020
2020-04-10 02:21:12,800 	 [INFO | base_setup.py:44] > Joined: 1.9607843137254901 at 7080
2020-04-10 02:21:15,897 	 [INFO | base_setup.py:44] > Joined: 1.9607843137254901 at 7140
2020-04-10 02:21:18,989 	 [INFO | base_setup.py:44] > Joined: 1.9607843137254901 at 7200
2020-04-10 02:21:22,087 	 [INFO | base_setup.py:44] > Joined: 1.9607843137254901 at 7260
2020-04-10 02:21:25,179 	 [INFO | base_setup.py:44] > Joined: 1.9607843137254901 at 7320
2020-04-10 02:21:28,284 	 [INFO | base_setup.py:44] > Joined: 1.9607843137254901 at 7380
2020-04-10 02:21:31,370 	 [INFO | base_setup.py:44] > Joined: 1.9607843137254901 at 7440
2020-04-10 02:21:34,477 	 [INFO | base_setup.py:44] > Joined: 1.9607843137254901 at 7500
2020-04-10 02:21:37,558 	 [INFO | base_setup.py:44] > Joined: 1.9607843137254901 at 7560
2020-04-10 02:21:40,637 	 [INFO | base_setup.py:44] > Joined: 1.9607843137254901 at 7620
2020-04-10 02:21:43,748 	 [INFO | base_setup.py:44] > Joined: 1.9607843137254901 at 7680
2020-04-10 02:21:46,849 	 [INFO | base_setup.py:44] > Joined: 1.9607843137254901 at 7740
2020-04-10 02:21:49,936 	 [INFO | base_setup.py:44] > Joined: 1.9607843137254901 at 7800
2020-04-10 02:21:53,040 	 [INFO | base_setup.py:44] > Joined: 1.9607843137254901 at 7860
2020-04-10 02:21:56,157 	 [INFO | base_setup.py:44] > Joined: 1.9607843137254901 at 7920
2020-04-10 02:21:59,262 	 [INFO | base_setup.py:44] > Joined: 1.9607843137254901 at 7980
2020-04-10 02:22:02,354 	 [INFO | base_setup.py:44] > Joined: 1.9607843137254901 at 8040
2020-04-10 02:22:05,436 	 [INFO | base_setup.py:44] > Joined: 1.9607843137254901 at 8100
2020-04-10 02:22:08,548 	 [INFO | base_setup.py:44] > Joined: 1.9607843137254901 at 8160
2020-04-10 02:22:11,628 	 [INFO | base_setup.py:44] > Joined: 1.9607843137254901 at 8220
2020-04-10 02:22:14,713 	 [INFO | base_setup.py:44] > Joined: 1.9607843137254901 at 8280
2020-04-10 02:22:17,804 	 [INFO | base_setup.py:44] > Joined: 1.9607843137254901 at 8340
2020-04-10 02:22:20,888 	 [INFO | base_setup.py:44] > Joined: 1.9607843137254901 at 8400
2020-04-10 02:22:23,981 	 [INFO | base_setup.py:44] > Joined: 1.9607843137254901 at 8460
2020-04-10 02:22:27,064 	 [INFO | base_setup.py:44] > Joined: 1.9607843137254901 at 8520
2020-04-10 02:22:30,164 	 [INFO | base_setup.py:44] > Joined: 1.9607843137254901 at 8580
2020-04-10 02:22:33,255 	 [INFO | base_setup.py:44] > Joined: 1.9607843137254901 at 8640
2020-04-10 02:22:36,370 	 [INFO | base_setup.py:44] > Joined: 1.9607843137254901 at 8700
2020-04-10 02:22:39,458 	 [INFO | base_setup.py:44] > Joined: 1.9607843137254901 at 8760
2020-04-10 02:22:42,557 	 [INFO | base_setup.py:44] > Joined: 1.9607843137254901 at 8820
2020-04-10 02:22:45,668 	 [INFO | base_setup.py:44] > Joined: 1.9607843137254901 at 8880
2020-04-10 02:22:48,753 	 [INFO | base_setup.py:44] > Joined: 1.9607843137254901 at 8940
2020-04-10 02:22:51,877 	 [INFO | base_setup.py:44] > Joined: 1.9607843137254901 at 9000
2020-04-10 02:22:55,000 	 [INFO | base_setup.py:44] > Joined: 1.9607843137254901 at 9060
2020-04-10 02:22:58,098 	 [INFO | base_setup.py:44] > Joined: 1.9607843137254901 at 9120
2020-04-10 02:23:01,210 	 [INFO | base_setup.py:44] > Joined: 1.9607843137254901 at 9180
2020-04-10 02:23:04,311 	 [INFO | base_setup.py:44] > Joined: 1.9607843137254901 at 9240
2020-04-10 02:23:07,441 	 [INFO | base_setup.py:44] > Joined: 1.9607843137254901 at 9300
2020-04-10 02:23:10,858 	 [INFO | base_setup.py:44] > Joined: 1.9607843137254901 at 9360
2020-04-10 02:23:14,104 	 [INFO | base_setup.py:44] > Joined: 1.9607843137254901 at 9420
2020-04-10 02:23:17,229 	 [INFO | base_setup.py:44] > Joined: 1.9607843137254901 at 9480
2020-04-10 02:23:20,458 	 [INFO | base_setup.py:44] > Joined: 1.9607843137254901 at 9540
2020-04-10 02:23:23,563 	 [INFO | base_setup.py:44] > Joined: 1.9607843137254901 at 9600
2020-04-10 02:23:26,693 	 [INFO | base_setup.py:44] > Joined: 1.9607843137254901 at 9660
2020-04-10 02:23:29,795 	 [INFO | base_setup.py:44] > Joined: 1.9607843137254901 at 9720
2020-04-10 02:23:32,888 	 [INFO | base_setup.py:44] > Joined: 1.9607843137254901 at 9780
2020-04-10 02:23:36,003 	 [INFO | base_setup.py:44] > Joined: 1.9607843137254901 at 9840
2020-04-10 02:23:39,113 	 [INFO | base_setup.py:44] > Joined: 1.9607843137254901 at 9900
